<?xml version="1.0" encoding="UTF-8"?>
<!-- Generated by org.testng.reporters.JUnitXMLReporter -->
<testsuite hostname="cavisson-Vostro-15-3568" ignored="0" name="chromebrowser" tests="3" failures="0" timestamp="2020-10-08T15:29:14 IST" time="21.411" errors="0">
  <testcase name="launchbrowser" time="20.851" classname="parametrization.CrossBrowserTesting"/>
  <testcase name="verifytitle" time="0.015" classname="parametrization.CrossBrowserTesting"/>
  <testcase name="logout" time="0.317" classname="parametrization.CrossBrowserTesting"/>
</testsuite> <!-- chromebrowser -->
