<?xml version="1.0" encoding="UTF-8"?>
<!-- Generated by org.testng.reporters.JUnitXMLReporter -->
<testsuite hostname="cavisson-Vostro-15-3568" ignored="0" name="crossbrowser" tests="3" failures="0" timestamp="2020-02-11T21:25:24 IST" time="27.63" errors="0">
  <testcase name="launchbrowser" time="21.288" classname="parametrization.CrossBrowserTesting"/>
  <testcase name="verifytitle" time="0.009" classname="parametrization.CrossBrowserTesting"/>
  <testcase name="logout" time="6.26" classname="parametrization.CrossBrowserTesting"/>
</testsuite> <!-- crossbrowser -->
