<?xml version="1.0" encoding="UTF-8"?>
<!-- Generated by org.testng.reporters.JUnitXMLReporter -->
<testsuite hostname="cavisson-Vostro-15-3568" ignored="0" name="firefoxrowser" tests="3" failures="0" timestamp="2020-10-08T15:29:29 IST" time="36.693" errors="0">
  <testcase name="launchbrowser" time="33.887" classname="parametrization.CrossBrowserTesting"/>
  <testcase name="verifytitle" time="0.066" classname="parametrization.CrossBrowserTesting"/>
  <testcase name="logout" time="2.509" classname="parametrization.CrossBrowserTesting"/>
</testsuite> <!-- firefoxrowser -->
