<?xml version="1.0" encoding="UTF-8"?>
<!-- Generated by org.testng.reporters.JUnitXMLReporter -->
<testsuite hostname="cavisson-Vostro-15-3568" ignored="3" name="Test" tests="2" failures="0" timestamp="2020-11-17T11:57:46 IST" time="0.086" errors="0">
  <testcase name="setup" time="0.015" classname="TestNGPackage.GroupAnnotation"/>
  <testcase name="search" time="0.003" classname="TestNGPackage.GroupAnnotation"/>
  <testcase name="logout" time="0.0" classname="TestNGPackage.GroupAnnotation">
    <ignored/>
  </testcase> <!-- logout -->
  <testcase name="advsearch" time="0.0" classname="TestNGPackage.GroupAnnotation">
    <ignored/>
  </testcase> <!-- advsearch -->
  <testcase name="login" time="0.0" classname="TestNGPackage.GroupAnnotation">
    <ignored/>
  </testcase> <!-- login -->
</testsuite> <!-- Test -->
