<?xml version="1.0" encoding="UTF-8"?>
<testng-results skipped="0" failed="0" ignored="0" total="1" passed="1">
  <reporter-output>
  </reporter-output>
  <suite name="Default suite" duration-ms="6348" started-at="2020-12-16T13:47:49 IST" finished-at="2020-12-16T13:47:56 IST">
    <groups>
    </groups>
    <test name="Default test" duration-ms="6348" started-at="2020-12-16T13:47:49 IST" finished-at="2020-12-16T13:47:56 IST">
      <class name="TestNGPackage.NewsHeadLInes">
        <test-method status="PASS" signature="setup()[pri:0, instance:TestNGPackage.NewsHeadLInes@4f063c0a]" name="setup" is-config="true" duration-ms="4907" started-at="2020-12-16T13:47:49 IST" finished-at="2020-12-16T13:47:54 IST">
          <reporter-output>
          </reporter-output>
        </test-method> <!-- setup -->
        <test-method status="PASS" signature="verifyHeading()[pri:0, instance:TestNGPackage.NewsHeadLInes@4f063c0a]" name="verifyHeading" duration-ms="1114" started-at="2020-12-16T13:47:54 IST" finished-at="2020-12-16T13:47:55 IST">
          <reporter-output>
          </reporter-output>
        </test-method> <!-- verifyHeading -->
        <test-method status="PASS" signature="teardown()[pri:0, instance:TestNGPackage.NewsHeadLInes@4f063c0a]" name="teardown" is-config="true" duration-ms="231" started-at="2020-12-16T13:47:55 IST" finished-at="2020-12-16T13:47:56 IST">
          <reporter-output>
          </reporter-output>
        </test-method> <!-- teardown -->
      </class> <!-- TestNGPackage.NewsHeadLInes -->
    </test> <!-- Default test -->
  </suite> <!-- Default suite -->
</testng-results>
